[2025-&m-19 13:25:05] Transaction Withdrawal Failed: Insufficient funds | Account 2
[2025-&m-19 13:25:05] Transaction Transfernce Failed: Insufficient funds | Account 0
[2025-&m-19 13:25:05] Deposited $63.00 to Account 3 | New Balance: $63.00
[2025-&m-19 13:25:05] Transferred $55.00 from Account 3 to Account 2
[2025-&m-19 13:25:05] Transaction Transfernce Failed: Insufficient funds | Account 2
[2025-&m-19 13:25:05] Deposited $33.00 to Account 3 | New Balance: $41.00
[2025-&m-19 13:25:05] Transaction Withdrawal Failed: Insufficient funds | Account 0
[2025-&m-19 13:25:05] Transaction Withdrawal Failed: Insufficient funds | Account 1
[2025-&m-19 13:25:05] Transaction Transfernce Failed: Insufficient funds | Account 3
[2025-&m-19 13:25:05] Transaction Transfernce Failed: Insufficient funds | Account 4
[2025-&m-19 13:25:05] Transaction Transfernce Failed: Insufficient funds | Account 0
[2025-&m-19 13:25:05] Deposited $99.00 to Account 2 | New Balance: $154.00
[2025-&m-19 13:25:05] Deposited $13.00 to Account 2 | New Balance: $167.00
[2025-&m-19 13:25:05] Transaction Transfernce Failed: Insufficient funds | Account 0
[2025-&m-19 13:25:05] Deposited $70.00 to Account 1 | New Balance: $70.00
[2025-&m-19 13:25:05] Deposited $2.00 to Account 2 | New Balance: $169.00
[2025-&m-19 13:25:05] Deposited $25.00 to Account 3 | New Balance: $66.00
[2025-&m-19 13:25:05] Transaction Withdrawal Failed: Insufficient funds | Account 3
[2025-&m-19 13:25:05] Transaction Withdrawal Failed: Insufficient funds | Account 0
[2025-&m-19 13:25:05] Withdrew $68.00 from Account 2 | New Balance: $101.00
[2025-&m-19 13:25:05] Withdrew $93.00 from Account 2 | New Balance: $8.00
[2025-&m-19 13:25:05] Deposited $57.00 to Account 3 | New Balance: $123.00
[2025-&m-19 13:25:05] Transaction Transfernce Failed: Insufficient funds | Account 2
[2025-&m-19 13:25:05] Transferred $38.00 from Account 3 to Account 2
[2025-&m-19 13:25:05] Transaction Transfernce Failed: Insufficient funds | Account 1
